
=== Sun Feb 28 11:57:53 2021

Packages were changed.
Update Mode: mergeDefaultDependencies

The following packages were added:
  com.unity.collab-proxy@1.3.8
  com.unity.ide.visualstudio@2.0.2
  com.unity.modules.ai@1.0.0
  com.unity.modules.cloth@1.0.0
  com.unity.modules.director@1.0.0
  com.unity.modules.physics@1.0.0
  com.unity.modules.terrain@1.0.0
  com.unity.modules.terrainphysics@1.0.0
  com.unity.modules.umbra@1.0.0
  com.unity.modules.vehicles@1.0.0
  com.unity.modules.vr@1.0.0
  com.unity.modules.wind@1.0.0
  com.unity.modules.xr@1.0.0
  com.unity.timeline@1.3.4
The following packages were updated:
  com.unity.2d.animation from version 3.2.6 to 4.2.4
  com.unity.2d.pixel-perfect from version 2.0.4 to 3.0.2
  com.unity.2d.psdimporter from version 2.1.6 to 3.1.4
  com.unity.2d.spriteshape from version 3.0.14 to 4.1.2
  com.unity.ide.rider from version 1.1.4 to 1.2.1
  com.unity.textmeshpro from version 2.1.3 to 3.0.1

=== Fri Apr  1 21:22:35 2022

Packages were changed.
Update Mode: updateDependencies

The following packages were updated:
  com.unity.2d.spriteshape from version 4.1.2 to 5.2.0
  com.unity.collab-proxy from version 1.3.9 to 1.15.12
  com.unity.ide.rider from version 1.2.1 to 2.0.7
  com.unity.ide.vscode from version 1.2.3 to 1.2.4
  com.unity.mobile.android-logcat from version 1.2.0 to 1.2.3
  com.unity.mobile.notifications from version 1.0.3 to 1.4.2
  com.unity.timeline from version 1.3.7 to 1.4.8
